<?xml version="1.0" encoding="UTF-8"?>
<!-- Generated by org.testng.reporters.JUnitXMLReporter -->
<testsuite ignored="0" hostname="LAPTOP-1I0UICJP" failures="0" tests="24" name="CRUD operations" time="3.392" errors="0" timestamp="2021-10-12T12:13:34 PDT">
  <testcase classname="com.qa.Testcases.POST" name="getname" time="0.005"/>
  <testcase classname="com.qa.Testcases.POST" name="headervalidation" time="0.002"/>
  <testcase classname="com.qa.Testcases.POST" name="reasonphrvalidation" time="0.001"/>
  <testcase classname="com.qa.Testcases.POST" name="statuscodevalidation" time="0.001"/>
  <testcase classname="com.qa.Testcases.POST" name="testingid" time="0.001"/>
  <testcase classname="com.qa.Testcases.POST" name="testingjob" time="0.001"/>
  <testcase classname="com.qa.Testcases.GET" name="getheader" time="0.001"/>
  <testcase classname="com.qa.Testcases.GET" name="getstatuscode" time="0.001"/>
  <testcase classname="com.qa.Testcases.GET" name="getuserdetails" time="0.008"/>
  <testcase classname="com.qa.Testcases.GET" name="getuserdetails" time="0.002"/>
  <testcase classname="com.qa.Testcases.GET" name="getuserdetails" time="0.001"/>
  <testcase classname="com.qa.Testcases.GET" name="getuserdetails" time="0.001"/>
  <testcase classname="com.qa.Testcases.GET" name="getuserdetails" time="0.001"/>
  <testcase classname="com.qa.Testcases.GET" name="getuserdetails" time="0.001"/>
  <testcase classname="com.qa.Testcases.GET" name="nonuserstatuscode" time="0.001"/>
  <testcase classname="com.qa.Testcases.GET" name="nonusertesting" time="0.462"/>
  <testcase classname="com.qa.Testcases.GET" name="nonusertesting" time="0.435"/>
  <testcase classname="com.qa.Testcases.GET" name="pagevalidation" time="0.002"/>
  <testcase classname="com.qa.Testcases.GET" name="per_pagevalidation" time="0.001"/>
  <testcase classname="com.qa.Testcases.GET" name="respphrasevalidation" time="0.0"/>
  <testcase classname="com.qa.Testcases.GET" name="total_pagesvalidation" time="0.001"/>
  <testcase classname="com.qa.Testcases.GET" name="totalvalidation" time="0.001"/>
  <testcase classname="com.qa.Testcases.PUT" name="getstatuscode" time="0.001"/>
  <testcase classname="com.qa.Testcases.DELETE" name="getstatuscode" time="0.001"/>
</testsuite> <!-- CRUD operations -->
